
Mar 25 17:14:12 SLIStartup [Info]: 
    Using SLIDATADIR=/home/ubuntu/nest_server_codes/opt/nest/share/nest

Mar 25 17:14:12 SLIStartup [Info]: 
    Using SLIDOCDIR=/home/ubuntu/nest_server_codes/opt/nest/share/doc/nest
SLI v2.8.0 (C) 2004 The NEST Initiative
Generating on-line help pages for NEST ...

Mar 25 17:14:12 :makeallhelp [Info]: 
    Processing directory /home/ubuntu/nest_server_codes/nest-2.8.0/libnestutil

Mar 25 17:14:12 :makeallhelp [Error]: 
    Documentation error in file 
    /home/ubuntu/nest_server_codes/nest-2.8.0/libnestutil/.

Mar 25 17:14:12 raiserror [Error]: BadErrorHandler
    : The error handler of a stopped context contained itself an error.

Mar 25 17:14:12 :makeallhelp [Info]: 
    Processing directory /home/ubuntu/nest_server_codes/nest-2.8.0/sli

Mar 25 17:14:12 :makeallhelp [Info]: 
    Processing directory /home/ubuntu/nest_server_codes/nest-2.8.0/librandom

Mar 25 17:14:13 :makeallhelp [Info]: 
    Processing directory /home/ubuntu/nest_server_codes/nest-2.8.0/lib

Mar 25 17:14:13 :makeallhelp [Info]: 
    Processing directory /home/ubuntu/nest_server_codes/nest-2.8.0/lib/sli

Mar 25 17:14:13 :makeallhelp [Error]: 
    Documentation error in file 
    /home/ubuntu/nest_server_codes/nest-2.8.0/lib/sli/nest-init.sli

Mar 25 17:14:13 makehelp [Error]: KeyName:ExpectedError
    Could not open the following file for reading: "rcsinfo".

Mar 25 17:14:13 :makeallhelp [Info]: 
    Processing directory /home/ubuntu/nest_server_codes/nest-2.8.0/nestkernel

Mar 25 17:14:13 :makeallhelp [Info]: 
    Processing directory /home/ubuntu/nest_server_codes/nest-2.8.0/models

Mar 25 17:14:13 :makeallhelp [Info]: 
    Processing directory /home/ubuntu/nest_server_codes/nest-2.8.0/models/sli

Mar 25 17:14:13 :makeallhelp [Info]: 
    Processing directory /home/ubuntu/nest_server_codes/nest-2.8.0/precise

Mar 25 17:14:13 :makeallhelp [Info]: 
    Processing directory /home/ubuntu/nest_server_codes/nest-2.8.0/topology

Mar 25 17:14:13 :makeallhelp [Info]: 
    Processing directory 
    /home/ubuntu/nest_server_codes/nest-2.8.0/topology/sli

Mar 25 17:14:13 :makeallhelp [Info]: 
    Processing directory /home/ubuntu/nest_server_codes/nest-2.8.0/nest

Mar 25 17:14:13 SLI [Warning]: 
    Dead Link to  in correlospinmatrix_detector

Mar 25 17:14:13 SLI [Warning]: 
    Dead Link to testsuite::test_iaf in iaf_neuron

Mar 25 17:14:13 SLI [Warning]: 
    Dead Link to  in pp_psc_delta

Mar 25 17:14:13 SLI [Warning]: 
    Dead Link to testsuite::test_sli_neuron in sli_neuron

Mar 25 17:14:13 SLI [Warning]: 
    Dead Link to testsuite::test_spike_generator in spike_generator

Mar 25 17:14:13 SLI [Warning]: 
    Dead Link to testsuite::test_lambertw in LambertW0

Mar 25 17:14:13 SLI [Warning]: 
    Dead Link to testsuite::test_lambertw in LambertW

Mar 25 17:14:13 SLI [Warning]: 
    Dead Link to testsuite::test_lambertw in LambertWm1

Mar 25 17:14:13 SLI [Warning]: 
    Dead Link to testsuite::test_iaf in unittest::ToUnitTestPrecision
Done.

Mar 25 17:14:13 SLIStartup [Info]: 
    Using SLIDATADIR=/home/ubuntu/nest_server_codes/opt/nest/share/nest

Mar 25 17:14:13 SLIStartup [Info]: 
    Using SLIDOCDIR=/home/ubuntu/nest_server_codes/opt/nest/share/doc/nest
SLI v2.8.0 (C) 2004 The NEST Initiative
Generating on-line help pages for NEST ...

Mar 25 17:14:13 :makeallhelp [Info]: 
    Processing directory 
    /home/ubuntu/nest_server_codes/nest-2.8.0/testsuite/selftests

Mar 25 17:14:13 :makeallhelp [Error]: 
    Documentation error in file 
    /home/ubuntu/nest_server_codes/nest-2.8.0/testsuite/selftests/.

Mar 25 17:14:13 raiserror [Error]: BadErrorHandler
    : The error handler of a stopped context contained itself an error.

Mar 25 17:14:13 SLI [Warning]: 
    Dead Link to  in correlospinmatrix_detector

Mar 25 17:14:14 SLI [Warning]: 
    Dead Link to testsuite::test_iaf in iaf_neuron

Mar 25 17:14:14 SLI [Warning]: 
    Dead Link to  in pp_psc_delta

Mar 25 17:14:14 SLI [Warning]: 
    Dead Link to testsuite::test_sli_neuron in sli_neuron

Mar 25 17:14:14 SLI [Warning]: 
    Dead Link to testsuite::test_spike_generator in spike_generator

Mar 25 17:14:14 SLI [Warning]: 
    Dead Link to testsuite::test_lambertw in LambertW0

Mar 25 17:14:14 SLI [Warning]: 
    Dead Link to testsuite::test_lambertw in LambertW

Mar 25 17:14:14 SLI [Warning]: 
    Dead Link to testsuite::test_lambertw in LambertWm1

Mar 25 17:14:14 SLI [Warning]: 
    Dead Link to testsuite::test_iaf in unittest::ToUnitTestPrecision
Done.

Mar 25 17:14:14 SLIStartup [Info]: 
    Using SLIDATADIR=/home/ubuntu/nest_server_codes/opt/nest/share/nest

Mar 25 17:14:14 SLIStartup [Info]: 
    Using SLIDOCDIR=/home/ubuntu/nest_server_codes/opt/nest/share/doc/nest
SLI v2.8.0 (C) 2004 The NEST Initiative
Generating on-line help pages for NEST ...

Mar 25 17:14:14 :makeallhelp [Info]: 
    Processing directory 
    /home/ubuntu/nest_server_codes/nest-2.8.0/testsuite/unittests

Mar 25 17:14:14 :makeallhelp [Error]: 
    Documentation error in file 
    /home/ubuntu/nest_server_codes/nest-2.8.0/testsuite/unittests/.

Mar 25 17:14:14 raiserror [Error]: BadErrorHandler
    : The error handler of a stopped context contained itself an error.

Mar 25 17:14:14 :makeallhelp [Error]: 
    Documentation error in file 
    /home/ubuntu/nest_server_codes/nest-2.8.0/testsuite/unittests/test_common_props_setting.sli

Mar 25 17:14:14 ws [Error]: BadIO
    Could not open the following file for reading: "rcsinfo".

Mar 25 17:14:14 :makeallhelp [Error]: 
    Documentation error in file 
    /home/ubuntu/nest_server_codes/nest-2.8.0/testsuite/unittests/test_convergent_connect.sli

Mar 25 17:14:14 ws [Error]: BadIO

Mar 25 17:14:14 :makeallhelp [Error]: 
    Documentation error in file 
    /home/ubuntu/nest_server_codes/nest-2.8.0/testsuite/unittests/test_divergent_connect.sli

Mar 25 17:14:14 ws [Error]: BadIO

Mar 25 17:14:14 :makeallhelp [Error]: 
    Documentation error in file 
    /home/ubuntu/nest_server_codes/nest-2.8.0/testsuite/unittests/test_iaf_min_delay_create.sli

Mar 25 17:14:14 ws [Error]: BadIO

Mar 25 17:14:14 :makeallhelp [Error]: 
    Documentation error in file 
    /home/ubuntu/nest_server_codes/nest-2.8.0/testsuite/unittests/test_iaf_min_delay_set.sli

Mar 25 17:14:14 ws [Error]: BadIO

Mar 25 17:14:14 :makeallhelp [Error]: 
    Documentation error in file 
    /home/ubuntu/nest_server_codes/nest-2.8.0/testsuite/unittests/test_multimeter.sli

Mar 25 17:14:14 ws [Error]: BadIO

Mar 25 17:14:14 :makeallhelp [Error]: 
    Documentation error in file 
    /home/ubuntu/nest_server_codes/nest-2.8.0/testsuite/unittests/test_multiple_multimeter.sli

Mar 25 17:14:14 ws [Error]: BadIO

Mar 25 17:14:14 :makeallhelp [Error]: 
    Documentation error in file 
    /home/ubuntu/nest_server_codes/nest-2.8.0/testsuite/unittests/test_poisson_generator_campbell_alpha.sli

Mar 25 17:14:14 ws [Error]: BadIO

Mar 25 17:14:14 :makeallhelp [Error]: 
    Documentation error in file 
    /home/ubuntu/nest_server_codes/nest-2.8.0/testsuite/unittests/test_psp_amplitude_consistency.sli

Mar 25 17:14:14 ws [Error]: BadIO

Mar 25 17:14:14 :makeallhelp [Error]: 
    Documentation error in file 
    /home/ubuntu/nest_server_codes/nest-2.8.0/testsuite/unittests/test_random_convergent_connect.sli

Mar 25 17:14:14 ws [Error]: BadIO

Mar 25 17:14:14 :makeallhelp [Error]: 
    Documentation error in file 
    /home/ubuntu/nest_server_codes/nest-2.8.0/testsuite/unittests/test_random_divergent_connect.sli

Mar 25 17:14:14 ws [Error]: BadIO

Mar 25 17:14:14 :makeallhelp [Error]: 
    Documentation error in file 
    /home/ubuntu/nest_server_codes/nest-2.8.0/testsuite/unittests/test_sinusoidal_gamma_generator.sli

Mar 25 17:14:14 ws [Error]: BadIO

Mar 25 17:14:14 :makeallhelp [Error]: 
    Documentation error in file 
    /home/ubuntu/nest_server_codes/nest-2.8.0/testsuite/unittests/test_sinusoidal_poisson_generator.sli

Mar 25 17:14:14 ws [Error]: BadIO

Mar 25 17:14:14 :makeallhelp [Error]: 
    Documentation error in file 
    /home/ubuntu/nest_server_codes/nest-2.8.0/testsuite/unittests/test_spike_poisson_ps_base2.sli

Mar 25 17:14:14 makehelp [Error]: MissingObligatoryMinusAfterCommandNameError

Mar 25 17:14:14 SLI [Warning]: 
    Dead Link to  in correlospinmatrix_detector

Mar 25 17:14:14 SLI [Warning]: 
    Dead Link to  in pp_psc_delta

Mar 25 17:14:14 SLI [Warning]: 
    Dead Link to testsuite::test_sinusoidal_gamma_generator_1 in 
    testsuite::test_sinusoidal_gamma_generator

Mar 25 17:14:14 SLI [Warning]: 
    Dead Link to testsuite::test_sinusoidal_poisson_generator_1 in 
    testsuite::test_sinusoidal_poisson_generator

Mar 25 17:14:14 SLI [Warning]: 
    Dead Link to testsuite::ticket-452 in testsuite::test_steppedsim
Done.

Mar 25 17:14:15 SLIStartup [Info]: 
    Using SLIDATADIR=/home/ubuntu/nest_server_codes/opt/nest/share/nest

Mar 25 17:14:15 SLIStartup [Info]: 
    Using SLIDOCDIR=/home/ubuntu/nest_server_codes/opt/nest/share/doc/nest
SLI v2.8.0 (C) 2004 The NEST Initiative
Generating on-line help pages for NEST ...

Mar 25 17:14:15 :makeallhelp [Info]: 
    Processing directory 
    /home/ubuntu/nest_server_codes/nest-2.8.0/testsuite/regressiontests

Mar 25 17:14:15 :makeallhelp [Error]: 
    Documentation error in file 
    /home/ubuntu/nest_server_codes/nest-2.8.0/testsuite/regressiontests/.

Mar 25 17:14:15 raiserror [Error]: BadErrorHandler
    : The error handler of a stopped context contained itself an error.

Mar 25 17:14:15 :makeallhelp [Error]: 
    Documentation error in file 
    /home/ubuntu/nest_server_codes/nest-2.8.0/testsuite/regressiontests/ticket-235.sli

Mar 25 17:14:15 ws [Error]: BadIO
    Could not open the following file for reading: "rcsinfo".

Mar 25 17:14:15 :makeallhelp [Error]: 
    Documentation error in file 
    /home/ubuntu/nest_server_codes/nest-2.8.0/testsuite/regressiontests/ticket-293.sli

Mar 25 17:14:15 ws [Error]: BadIO

Mar 25 17:14:15 :makeallhelp [Error]: 
    Documentation error in file 
    /home/ubuntu/nest_server_codes/nest-2.8.0/testsuite/regressiontests/ticket-333.sli

Mar 25 17:14:15 ws [Error]: BadIO

Mar 25 17:14:15 :makeallhelp [Error]: 
    Documentation error in file 
    /home/ubuntu/nest_server_codes/nest-2.8.0/testsuite/regressiontests/ticket-382.sli

Mar 25 17:14:15 ws [Error]: BadIO

Mar 25 17:14:15 :makeallhelp [Error]: 
    Documentation error in file 
    /home/ubuntu/nest_server_codes/nest-2.8.0/testsuite/regressiontests/ticket-399.sli

Mar 25 17:14:15 ws [Error]: BadIO

Mar 25 17:14:15 :makeallhelp [Error]: 
    Documentation error in file 
    /home/ubuntu/nest_server_codes/nest-2.8.0/testsuite/regressiontests/ticket-414.sli

Mar 25 17:14:15 ws [Error]: BadIO

Mar 25 17:14:15 :makeallhelp [Error]: 
    Documentation error in file 
    /home/ubuntu/nest_server_codes/nest-2.8.0/testsuite/regressiontests/ticket-421.sli

Mar 25 17:14:15 ws [Error]: BadIO

Mar 25 17:14:15 :makeallhelp [Error]: 
    Documentation error in file 
    /home/ubuntu/nest_server_codes/nest-2.8.0/testsuite/regressiontests/ticket-451.sli

Mar 25 17:14:15 ws [Error]: BadIO

Mar 25 17:14:15 :makeallhelp [Error]: 
    Documentation error in file 
    /home/ubuntu/nest_server_codes/nest-2.8.0/testsuite/regressiontests/ticket-464.sli

Mar 25 17:14:15 ws [Error]: BadIO

Mar 25 17:14:15 :makeallhelp [Error]: 
    Documentation error in file 
    /home/ubuntu/nest_server_codes/nest-2.8.0/testsuite/regressiontests/ticket-466.sli

Mar 25 17:14:15 ws [Error]: BadIO

Mar 25 17:14:15 :makeallhelp [Error]: 
    Documentation error in file 
    /home/ubuntu/nest_server_codes/nest-2.8.0/testsuite/regressiontests/ticket-475.sli

Mar 25 17:14:15 ws [Error]: BadIO

Mar 25 17:14:15 :makeallhelp [Error]: 
    Documentation error in file 
    /home/ubuntu/nest_server_codes/nest-2.8.0/testsuite/regressiontests/ticket-478.sli

Mar 25 17:14:15 makehelp [Error]: MissingObligatoryMinusAfterCommandNameError

Mar 25 17:14:15 :makeallhelp [Error]: 
    Documentation error in file 
    /home/ubuntu/nest_server_codes/nest-2.8.0/testsuite/regressiontests/ticket-519.sli

Mar 25 17:14:15 ws [Error]: BadIO

Mar 25 17:14:15 :makeallhelp [Error]: 
    Documentation error in file 
    /home/ubuntu/nest_server_codes/nest-2.8.0/testsuite/regressiontests/ticket-520.sli

Mar 25 17:14:15 ws [Error]: BadIO

Mar 25 17:14:15 :makeallhelp [Error]: 
    Documentation error in file 
    /home/ubuntu/nest_server_codes/nest-2.8.0/testsuite/regressiontests/ticket-537.sli

Mar 25 17:14:15 ws [Error]: BadIO

Mar 25 17:14:15 :makeallhelp [Error]: 
    Documentation error in file 
    /home/ubuntu/nest_server_codes/nest-2.8.0/testsuite/regressiontests/ticket-733.sli

Mar 25 17:14:15 ws [Error]: BadIO

Mar 25 17:14:15 :makeallhelp [Error]: 
    Documentation error in file 
    /home/ubuntu/nest_server_codes/nest-2.8.0/testsuite/regressiontests/ticket-737.sli

Mar 25 17:14:15 makehelp [Error]: MissingObligatoryMinusAfterCommandNameError

Mar 25 17:14:15 :makeallhelp [Error]: 
    Documentation error in file 
    /home/ubuntu/nest_server_codes/nest-2.8.0/testsuite/regressiontests/ticket-772.sli

Mar 25 17:14:15 ws [Error]: BadIO

Mar 25 17:14:15 :makeallhelp [Error]: 
    Documentation error in file 
    /home/ubuntu/nest_server_codes/nest-2.8.0/testsuite/regressiontests/ticket-787.sli

Mar 25 17:14:15 makehelp [Error]: MissingObligatoryMinusAfterCommandNameError

Mar 25 17:14:15 :makeallhelp [Error]: 
    Documentation error in file 
    /home/ubuntu/nest_server_codes/nest-2.8.0/testsuite/regressiontests/ticket-800.sli

Mar 25 17:14:15 makehelp [Error]: MissingObligatoryMinusAfterCommandNameError

Mar 25 17:14:15 :makeallhelp [Error]: 
    Documentation error in file 
    /home/ubuntu/nest_server_codes/nest-2.8.0/testsuite/regressiontests/ticket-921.sli

Mar 25 17:14:15 makehelp [Error]: MissingObligatoryMinusAfterCommandNameError

Mar 25 17:14:15 :makeallhelp [Error]: 
    Documentation error in file 
    /home/ubuntu/nest_server_codes/nest-2.8.0/testsuite/regressiontests/ticket-926.sli

Mar 25 17:14:15 makehelp [Error]: MissingObligatoryMinusAfterCommandNameError

Mar 25 17:14:15 :makeallhelp [Error]: 
    Documentation error in file 
    /home/ubuntu/nest_server_codes/nest-2.8.0/testsuite/regressiontests/ticket-933.sli

Mar 25 17:14:15 makehelp [Error]: MissingObligatoryMinusAfterCommandNameError

Mar 25 17:14:15 :makeallhelp [Error]: 
    Documentation error in file 
    /home/ubuntu/nest_server_codes/nest-2.8.0/testsuite/regressiontests/ticket-941.sli

Mar 25 17:14:15 makehelp [Error]: MissingObligatoryMinusAfterCommandNameError

Mar 25 17:14:15 :makeallhelp [Error]: 
    Documentation error in file 
    /home/ubuntu/nest_server_codes/nest-2.8.0/testsuite/regressiontests/ticket-949.sli

Mar 25 17:14:15 makehelp [Error]: MissingObligatoryMinusAfterCommandNameError

Mar 25 17:14:15 :makeallhelp [Error]: 
    Documentation error in file 
    /home/ubuntu/nest_server_codes/nest-2.8.0/testsuite/regressiontests/ticket-959.sli

Mar 25 17:14:15 makehelp [Error]: MissingObligatoryMinusAfterCommandNameError

Mar 25 17:14:15 SLI [Warning]: 
    Dead Link to  in correlospinmatrix_detector

Mar 25 17:14:15 SLI [Warning]: 
    Dead Link to  in pp_psc_delta

Mar 25 17:14:15 SLI [Warning]: 
    Dead Link to testsuite::test_sinusoidal_gamma_generator_1 in 
    testsuite::test_sinusoidal_gamma_generator

Mar 25 17:14:15 SLI [Warning]: 
    Dead Link to testsuite::test_sinusoidal_poisson_generator_1 in 
    testsuite::test_sinusoidal_poisson_generator
Done.

Mar 25 17:14:15 SLIStartup [Info]: 
    Using SLIDATADIR=/home/ubuntu/nest_server_codes/opt/nest/share/nest

Mar 25 17:14:15 SLIStartup [Info]: 
    Using SLIDOCDIR=/home/ubuntu/nest_server_codes/opt/nest/share/doc/nest
SLI v2.8.0 (C) 2004 The NEST Initiative
Generating on-line help pages for NEST ...

Mar 25 17:14:15 :makeallhelp [Info]: 
    Processing directory 
    /home/ubuntu/nest_server_codes/nest-2.8.0/testsuite/manualtests

Mar 25 17:14:15 :makeallhelp [Error]: 
    Documentation error in file 
    /home/ubuntu/nest_server_codes/nest-2.8.0/testsuite/manualtests/.

Mar 25 17:14:15 raiserror [Error]: BadErrorHandler
    : The error handler of a stopped context contained itself an error.

Mar 25 17:14:15 :makeallhelp [Error]: 
    Documentation error in file 
    /home/ubuntu/nest_server_codes/nest-2.8.0/testsuite/manualtests/test_compare_delta.sli

Mar 25 17:14:15 ws [Error]: BadIO
    Could not open the following file for reading: "rcsinfo".

Mar 25 17:14:15 :makeallhelp [Error]: 
    Documentation error in file 
    /home/ubuntu/nest_server_codes/nest-2.8.0/testsuite/manualtests/test_hh_cond_exp_traub.sli

Mar 25 17:14:15 ws [Error]: BadIO

Mar 25 17:14:15 :makeallhelp [Error]: 
    Documentation error in file 
    /home/ubuntu/nest_server_codes/nest-2.8.0/testsuite/manualtests/test_spike_poisson_ps_base2_f.sli

Mar 25 17:14:15 makehelp [Error]: MissingObligatoryMinusAfterCommandNameError

Mar 25 17:14:15 :makeallhelp [Error]: 
    Documentation error in file 
    /home/ubuntu/nest_server_codes/nest-2.8.0/testsuite/manualtests/test_spike_poisson_ps_base2_p.sli

Mar 25 17:14:15 makehelp [Error]: MissingObligatoryMinusAfterCommandNameError

Mar 25 17:14:15 SLI [Warning]: 
    Dead Link to  in correlospinmatrix_detector

Mar 25 17:14:16 SLI [Warning]: 
    Dead Link to  in pp_psc_delta

Mar 25 17:14:16 SLI [Warning]: 
    Dead Link to testsuite::test_sinusoidal_gamma_generator_1 in 
    testsuite::test_sinusoidal_gamma_generator

Mar 25 17:14:16 SLI [Warning]: 
    Dead Link to testsuite::test_sinusoidal_poisson_generator_1 in 
    testsuite::test_sinusoidal_poisson_generator
Done.

Mar 25 17:14:16 SLIStartup [Info]: 
    Using SLIDATADIR=/home/ubuntu/nest_server_codes/opt/nest/share/nest

Mar 25 17:14:16 SLIStartup [Info]: 
    Using SLIDOCDIR=/home/ubuntu/nest_server_codes/opt/nest/share/doc/nest
SLI v2.8.0 (C) 2004 The NEST Initiative
Generating on-line help pages for NEST ...

Mar 25 17:14:16 :makeallhelp [Info]: 
    Processing directory 
    /home/ubuntu/nest_server_codes/nest-2.8.0/testsuite/mpitests

Mar 25 17:14:16 :makeallhelp [Error]: 
    Documentation error in file 
    /home/ubuntu/nest_server_codes/nest-2.8.0/testsuite/mpitests/.

Mar 25 17:14:16 raiserror [Error]: BadErrorHandler
    : The error handler of a stopped context contained itself an error.

Mar 25 17:14:16 :makeallhelp [Error]: 
    Documentation error in file 
    /home/ubuntu/nest_server_codes/nest-2.8.0/testsuite/mpitests/test_gsd_distribution_threaded.sli

Mar 25 17:14:16 makehelp [Error]: MissingObligatoryMinusAfterCommandNameError
    Could not open the following file for reading: "rcsinfo".

Mar 25 17:14:16 :makeallhelp [Error]: 
    Documentation error in file 
    /home/ubuntu/nest_server_codes/nest-2.8.0/testsuite/mpitests/test_gsd.sli

Mar 25 17:14:16 makehelp [Error]: MissingObligatoryMinusAfterCommandNameError

Mar 25 17:14:16 :makeallhelp [Error]: 
    Documentation error in file 
    /home/ubuntu/nest_server_codes/nest-2.8.0/testsuite/mpitests/test_gsd_threaded.sli

Mar 25 17:14:16 makehelp [Error]: MissingObligatoryMinusAfterCommandNameError

Mar 25 17:14:16 SLI [Warning]: 
    Dead Link to  in correlospinmatrix_detector

Mar 25 17:14:16 SLI [Warning]: 
    Dead Link to  in pp_psc_delta
Done.

Mar 25 17:14:17 SLIStartup [Info]: 
    Using SLIDATADIR=/home/ubuntu/nest_server_codes/opt/nest/share/nest

Mar 25 17:14:17 SLIStartup [Info]: 
    Using SLIDOCDIR=/home/ubuntu/nest_server_codes/opt/nest/share/doc/nest
SLI v2.8.0 (C) 2004 The NEST Initiative
Generating on-line help pages for NEST ...

Mar 25 17:14:17 :makeallhelp [Info]: 
    Processing directory 
    /home/ubuntu/nest_server_codes/nest-2.8.0/testsuite/mpi_selftests

Mar 25 17:14:17 :makeallhelp [Error]: 
    Documentation error in file 
    /home/ubuntu/nest_server_codes/nest-2.8.0/testsuite/mpi_selftests/.

Mar 25 17:14:17 raiserror [Error]: BadErrorHandler
    : The error handler of a stopped context contained itself an error.

Mar 25 17:14:17 SLI [Warning]: 
    Dead Link to  in correlospinmatrix_detector

Mar 25 17:14:17 SLI [Warning]: 
    Dead Link to  in pp_psc_delta
Done.

Mar 25 17:14:17 SLIStartup [Info]: 
    Using SLIDATADIR=/home/ubuntu/nest_server_codes/opt/nest/share/nest

Mar 25 17:14:17 SLIStartup [Info]: 
    Using SLIDOCDIR=/home/ubuntu/nest_server_codes/opt/nest/share/doc/nest
SLI v2.8.0 (C) 2004 The NEST Initiative
Generating on-line help pages for NEST ...

Mar 25 17:14:17 :makeallhelp [Info]: 
    Processing directory 
    /home/ubuntu/nest_server_codes/nest-2.8.0/testsuite/mpi_selftests/pass

Mar 25 17:14:17 :makeallhelp [Error]: 
    Documentation error in file 
    /home/ubuntu/nest_server_codes/nest-2.8.0/testsuite/mpi_selftests/pass/.

Mar 25 17:14:17 raiserror [Error]: BadErrorHandler
    : The error handler of a stopped context contained itself an error.

Mar 25 17:14:17 :makeallhelp [Error]: 
    Documentation error in file 
    /home/ubuntu/nest_server_codes/nest-2.8.0/testsuite/mpi_selftests/pass/test_parse_message_line.sli

Mar 25 17:14:17 makehelp [Error]: MissingObligatoryMinusAfterCommandNameError
    Could not open the following file for reading: "rcsinfo".

Mar 25 17:14:18 SLI [Warning]: 
    Dead Link to  in correlospinmatrix_detector

Mar 25 17:14:18 SLI [Warning]: 
    Dead Link to  in pp_psc_delta

Mar 25 17:14:18 SLI [Warning]: 
    Dead Link to testsuite::crash_distributed_assert_or_die in 
    testsuite::test_distributed_assert_or_die

Mar 25 17:14:18 SLI [Warning]: 
    Dead Link to testsuite::fail_distributed_assert_or_die in 
    testsuite::test_distributed_assert_or_die

Mar 25 17:14:18 SLI [Warning]: 
    Dead Link to testsuite::crash_distributed_collect_assert_or_die in 
    testsuite::test_distributed_collect_assert_or_die

Mar 25 17:14:18 SLI [Warning]: 
    Dead Link to testsuite::fail_distributed_collect_assert_or_die in 
    testsuite::test_distributed_collect_assert_or_die

Mar 25 17:14:18 SLI [Warning]: 
    Dead Link to testsuite::crash_distributed_invariant_assert_or_die in 
    testsuite::test_distributed_invariant_assert_or_die

Mar 25 17:14:18 SLI [Warning]: 
    Dead Link to testsuite::fail_distributed_invariant_assert_or_die in 
    testsuite::test_distributed_invariant_assert_or_die

Mar 25 17:14:18 SLI [Warning]: 
    Dead Link to testsuite::crash_distributed_pass_or_die in 
    testsuite::test_distributed_pass_or_die

Mar 25 17:14:18 SLI [Warning]: 
    Dead Link to testsuite::fail_distributed_pass_or_die in 
    testsuite::test_distributed_pass_or_die

Mar 25 17:14:18 SLI [Warning]: 
    Dead Link to 
    testsuite::crash_distributed_process_invariant_collect_assert_or_die in 
    testsuite::test_distributed_process_invariant_collect_assert_or_die

Mar 25 17:14:18 SLI [Warning]: 
    Dead Link to 
    testsuite::fail_distributed_process_invariant_collect_assert_or_die in 
    testsuite::test_distributed_process_invariant_collect_assert_or_die

Mar 25 17:14:18 SLI [Warning]: 
    Dead Link to 
    testsuite::crash_distributed_process_invariant_events_assert_or_die in 
    testsuite::test_distributed_process_invariant_events_assert_or_die

Mar 25 17:14:18 SLI [Warning]: 
    Dead Link to 
    testsuite::fail_distributed_process_invariant_events_assert_or_die in 
    testsuite::test_distributed_process_invariant_events_assert_or_die

Mar 25 17:14:18 SLI [Warning]: 
    Dead Link to 
    testsuite::crash_distributed_rank_invariant_collect_assert_or_die in 
    testsuite::test_distributed_rank_invariant_collect_assert_or_die

Mar 25 17:14:18 SLI [Warning]: 
    Dead Link to 
    testsuite::fail_distributed_rank_invariant_collect_assert_or_die in 
    testsuite::test_distributed_rank_invariant_collect_assert_or_die
Done.

Mar 25 17:14:18 SLIStartup [Info]: 
    Using SLIDATADIR=/home/ubuntu/nest_server_codes/opt/nest/share/nest

Mar 25 17:14:18 SLIStartup [Info]: 
    Using SLIDOCDIR=/home/ubuntu/nest_server_codes/opt/nest/share/doc/nest
SLI v2.8.0 (C) 2004 The NEST Initiative
Generating on-line help pages for NEST ...

Mar 25 17:14:18 :makeallhelp [Info]: 
    Processing directory 
    /home/ubuntu/nest_server_codes/nest-2.8.0/testsuite/mpi_selftests/fail

Mar 25 17:14:18 :makeallhelp [Error]: 
    Documentation error in file 
    /home/ubuntu/nest_server_codes/nest-2.8.0/testsuite/mpi_selftests/fail/.

Mar 25 17:14:18 raiserror [Error]: BadErrorHandler
    : The error handler of a stopped context contained itself an error.

Mar 25 17:14:18 SLI [Warning]: 
    Dead Link to  in correlospinmatrix_detector

Mar 25 17:14:18 SLI [Warning]: 
    Dead Link to  in pp_psc_delta
Done.
